2015/04/07 09:02:11 [error] [exception.CException] exception 'CException' with message 'CAssetManager.basePath "/var/www/html/imb/assets" is invalid. Please make sure the directory exists and is writable by the Web server process.' in /var/www/html/yii/framework/web/CAssetManager.php:138
Stack trace:
#0 /var/www/html/yii/framework/web/CAssetManager.php(123): CAssetManager->setBasePath('/var/www/html/i...')
#1 /var/www/html/yii/framework/web/CAssetManager.php(217): CAssetManager->getBasePath()
#2 /var/www/html/yii/framework/web/CClientScript.php(511): CAssetManager->publish('/var/www/html/y...')
#3 /var/www/html/yii/framework/web/CClientScript.php(548): CClientScript->getCoreScriptUrl()
#4 /var/www/html/yii/framework/web/CClientScript.php(349): CClientScript->getPackageBaseUrl('jquery')
#5 /var/www/html/yii/framework/web/CClientScript.php(208): CClientScript->renderCoreScripts()
#6 /var/www/html/yii/framework/web/CController.php(351): CClientScript->render('<!DOCTYPE html>...')
#7 /var/www/html/yii/framework/web/CController.php(788): CController->processOutput('<!DOCTYPE html>...')
#8 /var/www/html/imb/protected/controllers/SiteController.php(72): CController->render('contact', Array)
#9 /var/www/html/yii/framework/web/actions/CInlineAction.php(49): SiteController->actionContact()
#10 /var/www/html/yii/framework/web/CController.php(308): CInlineAction->runWithParams(Array)
#11 /var/www/html/yii/framework/web/CController.php(286): CController->runAction(Object(CInlineAction))
#12 /var/www/html/yii/framework/web/CController.php(265): CController->runActionWithFilters(Object(CInlineAction), Array)
#13 /var/www/html/yii/framework/web/CWebApplication.php(282): CController->run('contact')
#14 /var/www/html/yii/framework/web/CWebApplication.php(141): CWebApplication->runController('site/contact')
#15 /var/www/html/yii/framework/base/CApplication.php(185): CWebApplication->processRequest()
#16 /var/www/html/imb/index.php(13): CApplication->run()
#17 {main}
REQUEST_URI=/imb/index.php?r=site/contact
HTTP_REFERER=http://192.168.153.200/imb/index.php?r=site/page&view=about
---
2015/04/07 09:02:37 [error] [exception.CException] exception 'CException' with message 'CAssetManager.basePath "/var/www/html/imb/assets" is invalid. Please make sure the directory exists and is writable by the Web server process.' in /var/www/html/yii/framework/web/CAssetManager.php:138
Stack trace:
#0 /var/www/html/yii/framework/web/CAssetManager.php(123): CAssetManager->setBasePath('/var/www/html/i...')
#1 /var/www/html/yii/framework/web/CAssetManager.php(217): CAssetManager->getBasePath()
#2 /var/www/html/yii/framework/web/CClientScript.php(511): CAssetManager->publish('/var/www/html/y...')
#3 /var/www/html/yii/framework/web/CClientScript.php(548): CClientScript->getCoreScriptUrl()
#4 /var/www/html/yii/framework/web/CClientScript.php(349): CClientScript->getPackageBaseUrl('jquery')
#5 /var/www/html/yii/framework/web/CClientScript.php(208): CClientScript->renderCoreScripts()
#6 /var/www/html/yii/framework/web/CController.php(351): CClientScript->render('<!DOCTYPE html>...')
#7 /var/www/html/yii/framework/web/CController.php(788): CController->processOutput('<!DOCTYPE html>...')
#8 /var/www/html/imb/protected/controllers/SiteController.php(72): CController->render('contact', Array)
#9 /var/www/html/yii/framework/web/actions/CInlineAction.php(49): SiteController->actionContact()
#10 /var/www/html/yii/framework/web/CController.php(308): CInlineAction->runWithParams(Array)
#11 /var/www/html/yii/framework/web/CController.php(286): CController->runAction(Object(CInlineAction))
#12 /var/www/html/yii/framework/web/CController.php(265): CController->runActionWithFilters(Object(CInlineAction), Array)
#13 /var/www/html/yii/framework/web/CWebApplication.php(282): CController->run('contact')
#14 /var/www/html/yii/framework/web/CWebApplication.php(141): CWebApplication->runController('site/contact')
#15 /var/www/html/yii/framework/base/CApplication.php(185): CWebApplication->processRequest()
#16 /var/www/html/imb/index.php(13): CApplication->run()
#17 {main}
REQUEST_URI=/imb/index.php?r=site/contact
HTTP_REFERER=http://192.168.153.200/imb/index.php?r=site/page&view=about
---
2015/04/07 09:02:40 [error] [exception.CException] exception 'CException' with message 'CAssetManager.basePath "/var/www/html/imb/assets" is invalid. Please make sure the directory exists and is writable by the Web server process.' in /var/www/html/yii/framework/web/CAssetManager.php:138
Stack trace:
#0 /var/www/html/yii/framework/web/CAssetManager.php(123): CAssetManager->setBasePath('/var/www/html/i...')
#1 /var/www/html/yii/framework/web/CAssetManager.php(217): CAssetManager->getBasePath()
#2 /var/www/html/yii/framework/web/CClientScript.php(511): CAssetManager->publish('/var/www/html/y...')
#3 /var/www/html/yii/framework/web/CClientScript.php(548): CClientScript->getCoreScriptUrl()
#4 /var/www/html/yii/framework/web/CClientScript.php(349): CClientScript->getPackageBaseUrl('jquery')
#5 /var/www/html/yii/framework/web/CClientScript.php(208): CClientScript->renderCoreScripts()
#6 /var/www/html/yii/framework/web/CController.php(351): CClientScript->render('<!DOCTYPE html>...')
#7 /var/www/html/yii/framework/web/CController.php(788): CController->processOutput('<!DOCTYPE html>...')
#8 /var/www/html/imb/protected/controllers/SiteController.php(98): CController->render('login', Array)
#9 /var/www/html/yii/framework/web/actions/CInlineAction.php(49): SiteController->actionLogin()
#10 /var/www/html/yii/framework/web/CController.php(308): CInlineAction->runWithParams(Array)
#11 /var/www/html/yii/framework/web/CController.php(286): CController->runAction(Object(CInlineAction))
#12 /var/www/html/yii/framework/web/CController.php(265): CController->runActionWithFilters(Object(CInlineAction), Array)
#13 /var/www/html/yii/framework/web/CWebApplication.php(282): CController->run('login')
#14 /var/www/html/yii/framework/web/CWebApplication.php(141): CWebApplication->runController('site/login')
#15 /var/www/html/yii/framework/base/CApplication.php(185): CWebApplication->processRequest()
#16 /var/www/html/imb/index.php(13): CApplication->run()
#17 {main}
REQUEST_URI=/imb/index.php?r=site/login
HTTP_REFERER=http://192.168.153.200/imb/index.php?r=site/page&view=about
---
2015/04/07 09:19:46 [error] [exception.CException] exception 'CException' with message 'CAssetManager.basePath "/var/www/html/imb/assets" is invalid. Please make sure the directory exists and is writable by the Web server process.' in /var/www/html/yii/framework/web/CAssetManager.php:138
Stack trace:
#0 /var/www/html/yii/framework/web/CAssetManager.php(123): CAssetManager->setBasePath('/var/www/html/i...')
#1 /var/www/html/yii/framework/web/CAssetManager.php(217): CAssetManager->getBasePath()
#2 /var/www/html/yii/framework/web/CClientScript.php(511): CAssetManager->publish('/var/www/html/y...')
#3 /var/www/html/yii/framework/web/CClientScript.php(548): CClientScript->getCoreScriptUrl()
#4 /var/www/html/yii/framework/web/CClientScript.php(349): CClientScript->getPackageBaseUrl('jquery')
#5 /var/www/html/yii/framework/web/CClientScript.php(208): CClientScript->renderCoreScripts()
#6 /var/www/html/yii/framework/web/CController.php(351): CClientScript->render('<!DOCTYPE html>...')
#7 /var/www/html/yii/framework/web/CController.php(788): CController->processOutput('<!DOCTYPE html>...')
#8 /var/www/html/imb/protected/controllers/SiteController.php(72): CController->render('contact', Array)
#9 /var/www/html/yii/framework/web/actions/CInlineAction.php(49): SiteController->actionContact()
#10 /var/www/html/yii/framework/web/CController.php(308): CInlineAction->runWithParams(Array)
#11 /var/www/html/yii/framework/web/CController.php(286): CController->runAction(Object(CInlineAction))
#12 /var/www/html/yii/framework/web/CController.php(265): CController->runActionWithFilters(Object(CInlineAction), Array)
#13 /var/www/html/yii/framework/web/CWebApplication.php(282): CController->run('contact')
#14 /var/www/html/yii/framework/web/CWebApplication.php(141): CWebApplication->runController('site/contact')
#15 /var/www/html/yii/framework/base/CApplication.php(185): CWebApplication->processRequest()
#16 /var/www/html/imb/index.php(13): CApplication->run()
#17 {main}
REQUEST_URI=/imb/index.php?r=site/contact
HTTP_REFERER=http://192.168.153.200/imb/index.php?r=site/page&view=about
---
2015/04/07 09:19:49 [error] [exception.CException] exception 'CException' with message 'CAssetManager.basePath "/var/www/html/imb/assets" is invalid. Please make sure the directory exists and is writable by the Web server process.' in /var/www/html/yii/framework/web/CAssetManager.php:138
Stack trace:
#0 /var/www/html/yii/framework/web/CAssetManager.php(123): CAssetManager->setBasePath('/var/www/html/i...')
#1 /var/www/html/yii/framework/web/CAssetManager.php(217): CAssetManager->getBasePath()
#2 /var/www/html/yii/framework/web/CClientScript.php(511): CAssetManager->publish('/var/www/html/y...')
#3 /var/www/html/yii/framework/web/CClientScript.php(548): CClientScript->getCoreScriptUrl()
#4 /var/www/html/yii/framework/web/CClientScript.php(349): CClientScript->getPackageBaseUrl('jquery')
#5 /var/www/html/yii/framework/web/CClientScript.php(208): CClientScript->renderCoreScripts()
#6 /var/www/html/yii/framework/web/CController.php(351): CClientScript->render('<!DOCTYPE html>...')
#7 /var/www/html/yii/framework/web/CController.php(788): CController->processOutput('<!DOCTYPE html>...')
#8 /var/www/html/imb/protected/controllers/SiteController.php(98): CController->render('login', Array)
#9 /var/www/html/yii/framework/web/actions/CInlineAction.php(49): SiteController->actionLogin()
#10 /var/www/html/yii/framework/web/CController.php(308): CInlineAction->runWithParams(Array)
#11 /var/www/html/yii/framework/web/CController.php(286): CController->runAction(Object(CInlineAction))
#12 /var/www/html/yii/framework/web/CController.php(265): CController->runActionWithFilters(Object(CInlineAction), Array)
#13 /var/www/html/yii/framework/web/CWebApplication.php(282): CController->run('login')
#14 /var/www/html/yii/framework/web/CWebApplication.php(141): CWebApplication->runController('site/login')
#15 /var/www/html/yii/framework/base/CApplication.php(185): CWebApplication->processRequest()
#16 /var/www/html/imb/index.php(13): CApplication->run()
#17 {main}
REQUEST_URI=/imb/index.php?r=site/login
HTTP_REFERER=http://192.168.153.200/imb/index.php?r=site/page&view=about
---
2015/04/07 09:27:12 [error] [exception.CException] exception 'CException' with message 'CAssetManager.basePath "/var/www/html/imb/assets" is invalid. Please make sure the directory exists and is writable by the Web server process.' in /var/www/html/yii/framework/web/CAssetManager.php:138
Stack trace:
#0 /var/www/html/yii/framework/web/CAssetManager.php(123): CAssetManager->setBasePath('/var/www/html/i...')
#1 /var/www/html/yii/framework/web/CAssetManager.php(217): CAssetManager->getBasePath()
#2 /var/www/html/yii/framework/web/CClientScript.php(511): CAssetManager->publish('/var/www/html/y...')
#3 /var/www/html/yii/framework/web/CClientScript.php(548): CClientScript->getCoreScriptUrl()
#4 /var/www/html/yii/framework/web/CClientScript.php(349): CClientScript->getPackageBaseUrl('jquery')
#5 /var/www/html/yii/framework/web/CClientScript.php(208): CClientScript->renderCoreScripts()
#6 /var/www/html/yii/framework/web/CController.php(351): CClientScript->render('<!DOCTYPE html>...')
#7 /var/www/html/yii/framework/web/CController.php(788): CController->processOutput('<!DOCTYPE html>...')
#8 /var/www/html/imb/protected/controllers/SiteController.php(72): CController->render('contact', Array)
#9 /var/www/html/yii/framework/web/actions/CInlineAction.php(49): SiteController->actionContact()
#10 /var/www/html/yii/framework/web/CController.php(308): CInlineAction->runWithParams(Array)
#11 /var/www/html/yii/framework/web/CController.php(286): CController->runAction(Object(CInlineAction))
#12 /var/www/html/yii/framework/web/CController.php(265): CController->runActionWithFilters(Object(CInlineAction), Array)
#13 /var/www/html/yii/framework/web/CWebApplication.php(282): CController->run('contact')
#14 /var/www/html/yii/framework/web/CWebApplication.php(141): CWebApplication->runController('site/contact')
#15 /var/www/html/yii/framework/base/CApplication.php(185): CWebApplication->processRequest()
#16 /var/www/html/imb/index.php(13): CApplication->run()
#17 {main}
REQUEST_URI=/imb/index.php/site/contact
HTTP_REFERER=http://192.168.153.200/imb/index.php/
---
2015/04/07 09:30:57 [error] [exception.CHttpException.404] exception 'CHttpException' with message 'Unable to resolve the request "test".' in /var/www/html/yii/framework/web/CWebApplication.php:286
Stack trace:
#0 /var/www/html/yii/framework/web/CWebApplication.php(141): CWebApplication->runController('')
#1 /var/www/html/yii/framework/base/CApplication.php(185): CWebApplication->processRequest()
#2 /var/www/html/imb/index.php(13): CApplication->run()
#3 {main}
REQUEST_URI=/imb/index.php/
---
2015/04/07 09:30:58 [error] [exception.CHttpException.404] exception 'CHttpException' with message 'Unable to resolve the request "test".' in /var/www/html/yii/framework/web/CWebApplication.php:286
Stack trace:
#0 /var/www/html/yii/framework/web/CWebApplication.php(141): CWebApplication->runController('')
#1 /var/www/html/yii/framework/base/CApplication.php(185): CWebApplication->processRequest()
#2 /var/www/html/imb/index.php(13): CApplication->run()
#3 {main}
REQUEST_URI=/imb/index.php/
---
2015/04/07 09:36:26 [error] [exception.CException] exception 'CException' with message 'CAssetManager.basePath "/var/www/html/imb/assets" is invalid. Please make sure the directory exists and is writable by the Web server process.' in /var/www/html/yii/framework/web/CAssetManager.php:138
Stack trace:
#0 /var/www/html/yii/framework/web/CAssetManager.php(123): CAssetManager->setBasePath('/var/www/html/i...')
#1 /var/www/html/yii/framework/web/CAssetManager.php(217): CAssetManager->getBasePath()
#2 /var/www/html/yii/framework/web/CClientScript.php(511): CAssetManager->publish('/var/www/html/y...')
#3 /var/www/html/yii/framework/web/CClientScript.php(548): CClientScript->getCoreScriptUrl()
#4 /var/www/html/yii/framework/web/CClientScript.php(349): CClientScript->getPackageBaseUrl('jquery')
#5 /var/www/html/yii/framework/web/CClientScript.php(208): CClientScript->renderCoreScripts()
#6 /var/www/html/yii/framework/web/CController.php(351): CClientScript->render('<!DOCTYPE html>...')
#7 /var/www/html/yii/framework/web/CController.php(788): CController->processOutput('<!DOCTYPE html>...')
#8 /var/www/html/imb/protected/controllers/SiteController.php(72): CController->render('contact', Array)
#9 /var/www/html/yii/framework/web/actions/CInlineAction.php(49): SiteController->actionContact()
#10 /var/www/html/yii/framework/web/CController.php(308): CInlineAction->runWithParams(Array)
#11 /var/www/html/yii/framework/web/CController.php(286): CController->runAction(Object(CInlineAction))
#12 /var/www/html/yii/framework/web/CController.php(265): CController->runActionWithFilters(Object(CInlineAction), Array)
#13 /var/www/html/yii/framework/web/CWebApplication.php(282): CController->run('contact')
#14 /var/www/html/yii/framework/web/CWebApplication.php(141): CWebApplication->runController('site/contact')
#15 /var/www/html/yii/framework/base/CApplication.php(185): CWebApplication->processRequest()
#16 /var/www/html/imb/index.php(13): CApplication->run()
#17 {main}
REQUEST_URI=/imb/index.php/site/contact
HTTP_REFERER=http://192.168.153.200/imb/index.php/site/page?view=about
---
2015/04/07 16:43:19 [error] [exception.CHttpException.404] exception 'CHttpException' with message 'Unable to resolve the request "test".' in /var/www/html/yii/framework/web/CWebApplication.php:286
Stack trace:
#0 /var/www/html/yii/framework/web/CWebApplication.php(141): CWebApplication->runController('')
#1 /var/www/html/yii/framework/base/CApplication.php(185): CWebApplication->processRequest()
#2 /var/www/html/imb/index.php(13): CApplication->run()
#3 {main}
REQUEST_URI=/imb/
---
2015/04/07 17:01:33 [error] [exception.CException] exception 'CException' with message 'CAssetManager.basePath "/var/www/html/imb/assets" is invalid. Please make sure the directory exists and is writable by the Web server process.' in /var/www/html/yii/framework/web/CAssetManager.php:138
Stack trace:
#0 /var/www/html/yii/framework/web/CAssetManager.php(123): CAssetManager->setBasePath('/var/www/html/i...')
#1 /var/www/html/yii/framework/web/CAssetManager.php(217): CAssetManager->getBasePath()
#2 /var/www/html/yii/framework/gii/GiiModule.php(143): CAssetManager->publish('/var/www/html/y...')
#3 /var/www/html/yii/framework/base/CComponent.php(111): GiiModule->getAssetsUrl()
#4 /var/www/html/yii/framework/base/CModule.php(105): CComponent->__get('assetsUrl')
#5 /var/www/html/yii/framework/gii/views/layouts/main.php(5): CModule->__get('assetsUrl')
#6 /var/www/html/yii/framework/web/CBaseController.php(126): require('/var/www/html/y...')
#7 /var/www/html/yii/framework/web/CBaseController.php(95): CBaseController->renderInternal('/var/www/html/y...', Array, true)
#8 /var/www/html/yii/framework/web/widgets/CContentDecorator.php(76): CBaseController->renderFile('/var/www/html/y...', Array, true)
#9 /var/www/html/yii/framework/web/widgets/CContentDecorator.php(54): CContentDecorator->decorate('<div class="con...')
#10 /var/www/html/yii/framework/web/widgets/COutputProcessor.php(44): CContentDecorator->processOutput('<div class="con...')
#11 /var/www/html/yii/framework/web/CBaseController.php(214): COutputProcessor->run()
#12 /var/www/html/yii/framework/web/CBaseController.php(308): CBaseController->endWidget('CContentDecorat...')
#13 /var/www/html/yii/framework/gii/views/layouts/column1.php(7): CBaseController->endContent()
#14 /var/www/html/yii/framework/web/CBaseController.php(126): require('/var/www/html/y...')
#15 /var/www/html/yii/framework/web/CBaseController.php(95): CBaseController->renderInternal('/var/www/html/y...', Array, true)
#16 /var/www/html/yii/framework/web/CController.php(784): CBaseController->renderFile('/var/www/html/y...', Array, true)
#17 /var/www/html/yii/framework/gii/controllers/DefaultController.php(47): CController->render('login', Array)
#18 /var/www/html/yii/framework/web/actions/CInlineAction.php(49): DefaultController->actionLogin()
#19 /var/www/html/yii/framework/web/CController.php(308): CInlineAction->runWithParams(Array)
#20 /var/www/html/yii/framework/web/CController.php(286): CController->runAction(Object(CInlineAction))
#21 /var/www/html/yii/framework/web/CController.php(265): CController->runActionWithFilters(Object(CInlineAction), Array)
#22 /var/www/html/yii/framework/web/CWebApplication.php(282): CController->run('login')
#23 /var/www/html/yii/framework/web/CWebApplication.php(141): CWebApplication->runController('gii/default/log...')
#24 /var/www/html/yii/framework/base/CApplication.php(185): CWebApplication->processRequest()
#25 /var/www/html/imb/index.php(13): CApplication->run()
#26 {main}
REQUEST_URI=/imb/index.php/gii/default/login
---
2015/04/07 17:02:23 [error] [exception.CDbException] exception 'CDbException' with message 'CDbConnection.connectionString cannot be empty.' in /var/www/html/yii/framework/db/CDbConnection.php:387
Stack trace:
#0 /var/www/html/yii/framework/db/CDbConnection.php(347): CDbConnection->open()
#1 /var/www/html/yii/framework/db/CDbConnection.php(325): CDbConnection->setActive(true)
#2 /var/www/html/yii/framework/base/CModule.php(394): CDbConnection->init()
#3 /var/www/html/yii/framework/base/CModule.php(103): CModule->getComponent('db')
#4 /var/www/html/yii/framework/gii/generators/model/ModelCode.php(60): CModule->__get('db')
#5 /var/www/html/yii/framework/web/CFormModel.php(39): ModelCode->init()
#6 /var/www/html/yii/framework/gii/CCodeGenerator.php(153): CFormModel->__construct()
#7 /var/www/html/yii/framework/gii/CCodeGenerator.php(63): CCodeGenerator->prepare()
#8 /var/www/html/yii/framework/web/actions/CInlineAction.php(49): CCodeGenerator->actionIndex()
#9 /var/www/html/yii/framework/web/CController.php(308): CInlineAction->runWithParams(Array)
#10 /var/www/html/yii/framework/web/CController.php(286): CController->runAction(Object(CInlineAction))
#11 /var/www/html/yii/framework/web/CController.php(265): CController->runActionWithFilters(Object(CInlineAction), Array)
#12 /var/www/html/yii/framework/web/CWebApplication.php(282): CController->run('index')
#13 /var/www/html/yii/framework/web/CWebApplication.php(141): CWebApplication->runController('gii/model/index')
#14 /var/www/html/yii/framework/base/CApplication.php(185): CWebApplication->processRequest()
#15 /var/www/html/imb/index.php(13): CApplication->run()
#16 {main}
REQUEST_URI=/imb/index.php/gii/model/index
HTTP_REFERER=http://192.168.153.200/imb/index.php/gii/default/index
---
